<?xml version="1.0" encoding="UTF-8"?>
<!-- Generated by org.testng.reporters.JUnitReportReporter -->
<testsuite hostname="LAPTOP-3BML8FHO" failures="0" tests="3" name="testClass.TestClass2" time="0.679" errors="0" timestamp="2025-09-25T14:50:27 IST" skipped="0">
  <testcase classname="testClass.TestClass2" name="verifyRadioButton" time="0.190"/>
  <system-out/>
  <testcase classname="testClass.TestClass2" name="verifyRadioButton" time="0.228"/>
  <system-out/>
  <testcase classname="testClass.TestClass2" name="verifyRadioButton" time="0.261"/>
  <system-out/>
</testsuite> <!-- testClass.TestClass2 -->
