<?xml version="1.0" encoding="UTF-8"?>
<!-- Generated by org.testng.reporters.JUnitReportReporter -->
<testsuite hostname="LAPTOP-3BML8FHO" failures="0" tests="1" name="post_call.PostUsing_OrgJson" time="2.115" errors="0" timestamp="2024-12-29T14:12:41 IST" skipped="0">
  <testcase classname="post_call.PostUsing_OrgJson" name="Tc1" time="2.115"/>
  <system-out/>
</testsuite> <!-- post_call.PostUsing_OrgJson -->
