<?xml version="1.0" encoding="UTF-8"?>
<!-- Generated by org.testng.reporters.JUnitReportReporter -->
<testsuite hostname="LAPTOP-3BML8FHO" failures="0" tests="1" name="all_Rest.Loging" time="2.205" errors="0" timestamp="2025-01-02T12:42:23 IST" skipped="0">
  <testcase classname="all_Rest.Loging" name="Tc1" time="2.205"/>
  <system-out/>
</testsuite> <!-- all_Rest.Loging -->
