<?xml version="1.0" encoding="UTF-8"?>
<!-- Generated by org.testng.reporters.JUnitReportReporter -->
<testsuite hostname="LAPTOP-3BML8FHO" failures="0" tests="1" name="post_call.Pojouse" time="2.283" errors="0" timestamp="2024-12-29T14:37:13 IST" skipped="0">
  <testcase classname="post_call.Pojouse" name="Tc1" time="2.283"/>
  <system-out/>
</testsuite> <!-- post_call.Pojouse -->
