<?xml version="1.0" encoding="UTF-8"?>
<!-- Generated by org.testng.reporters.JUnitReportReporter -->
<testsuite hostname="LAPTOP-3BML8FHO" failures="0" tests="1" name="all_Rest.GetAllHeaders" time="3.799" errors="0" timestamp="2025-01-02T13:36:11 IST" skipped="0">
  <testcase classname="all_Rest.GetAllHeaders" name="Tc1" time="3.799"/>
  <system-out/>
</testsuite> <!-- all_Rest.GetAllHeaders -->
