<?xml version="1.0" encoding="UTF-8"?>
<!-- Generated by org.testng.reporters.JUnitReportReporter -->
<testsuite hostname="LAPTOP-3BML8FHO" failures="0" tests="2" name="GetCall.ex1_getRequest" time="4.491" errors="0" timestamp="2025-06-11T11:34:16 IST" skipped="0">
  <testcase classname="GetCall.ex1_getRequest" name="getRequest_ValidID" time="3.830"/>
  <system-out/>
  <testcase classname="GetCall.ex1_getRequest" name="getRequest_inValidID" time="0.661"/>
  <system-out/>
</testsuite> <!-- GetCall.ex1_getRequest -->
