<?xml version="1.0" encoding="UTF-8"?>
<!-- Generated by org.testng.reporters.JUnitReportReporter -->
<testsuite hostname="LAPTOP-3BML8FHO" failures="0" tests="1" name="all_Rest.GetAllCookies" time="3.615" errors="0" timestamp="2025-01-02T13:18:09 IST" skipped="0">
  <testcase classname="all_Rest.GetAllCookies" name="Tc1" time="3.615"/>
  <system-out/>
</testsuite> <!-- all_Rest.GetAllCookies -->
