<?xml version="1.0" encoding="UTF-8"?>
<!-- Generated by org.testng.reporters.JUnitReportReporter -->
<testsuite hostname="LAPTOP-3BML8FHO" failures="0" tests="1" name="post_call.PostFrom_ExternalJson_File" time="1.818" errors="0" timestamp="2024-12-29T14:36:31 IST" skipped="0">
  <testcase classname="post_call.PostFrom_ExternalJson_File" name="Tc1" time="1.818"/>
  <system-out/>
</testsuite> <!-- post_call.PostFrom_ExternalJson_File -->
