<?xml version="1.0" encoding="UTF-8"?>
<!-- Generated by org.testng.reporters.JUnitReportReporter -->
<testsuite hostname="LAPTOP-3BML8FHO" failures="0" tests="1" name="all_Rest.GetCookies_Info" time="4.913" errors="0" timestamp="2025-01-02T13:13:06 IST" skipped="0">
  <testcase classname="all_Rest.GetCookies_Info" name="Tc1" time="4.913"/>
  <system-out/>
</testsuite> <!-- all_Rest.GetCookies_Info -->
