<?xml version="1.0" encoding="UTF-8"?>
<!-- Generated by org.testng.reporters.JUnitReportReporter -->
<testsuite hostname="LAPTOP-3BML8FHO" failures="0" tests="1" name="GetCall.GetRequest" time="6.000" errors="0" timestamp="2024-12-27T11:05:37 IST" skipped="0">
  <testcase classname="GetCall.GetRequest" name="name" time="6.000"/>
  <system-out/>
</testsuite> <!-- GetCall.GetRequest -->
