<?xml version="1.0" encoding="UTF-8"?>
<!-- Generated by org.testng.reporters.JUnitReportReporter -->
<testsuite hostname="LAPTOP-3BML8FHO" failures="0" tests="1" name="post_call.Post1" time="1.842" errors="0" timestamp="2024-12-28T16:22:39 IST" skipped="0">
  <testcase classname="post_call.Post1" name="tc1" time="1.842"/>
  <system-out/>
</testsuite> <!-- post_call.Post1 -->
