<?xml version="1.0" encoding="UTF-8"?>
<!-- Generated by org.testng.reporters.JUnitReportReporter -->
<testsuite hostname="LAPTOP-3BML8FHO" failures="0" tests="1" name="put.Put1" time="1.512" errors="0" timestamp="2024-12-28T16:31:09 IST" skipped="0">
  <testcase classname="put.Put1" name="tc1" time="1.512"/>
  <system-out/>
</testsuite> <!-- put.Put1 -->
