<?xml version="1.0" encoding="UTF-8"?>
<!-- Generated by org.testng.reporters.JUnitReportReporter -->
<testsuite hostname="LAPTOP-3BML8FHO" failures="0" tests="1" name="Delete.Delete1" time="3.759" errors="0" timestamp="2024-12-28T16:35:36 IST" skipped="0">
  <testcase classname="Delete.Delete1" name="name" time="3.759"/>
  <system-out/>
</testsuite> <!-- Delete.Delete1 -->
