<?xml version="1.0" encoding="UTF-8"?>
<!-- Generated by org.testng.reporters.JUnitReportReporter -->
<testsuite hostname="LAPTOP-3BML8FHO" failures="0" tests="1" name="all_Rest.Path_And_Query_Parameter" time="2.239" errors="0" timestamp="2025-01-02T12:53:58 IST" skipped="0">
  <testcase classname="all_Rest.Path_And_Query_Parameter" name="Tc1" time="2.239"/>
  <system-out/>
</testsuite> <!-- all_Rest.Path_And_Query_Parameter -->
