<?xml version="1.0" encoding="UTF-8"?>
<!-- Generated by org.testng.reporters.JUnitReportReporter -->
<testsuite hostname="LAPTOP-3BML8FHO" failures="0" tests="1" name="Flipkart.Base_class" time="332.253" errors="0" timestamp="2024-11-30T14:39:34 IST" skipped="0">
  <testcase classname="Flipkart.Base_class" name="browser" time="332.253"/>
  <system-out/>
</testsuite> <!-- Flipkart.Base_class -->
