<?xml version="1.0" encoding="UTF-8"?>
<!-- Generated by org.testng.reporters.JUnitReportReporter -->
<testsuite hostname="LAPTOP-3BML8FHO" failures="0" tests="4" name="Test.Suprime_CourtTest" time="53.748" errors="0" timestamp="2024-12-24T14:21:29 IST" skipped="0">
  <testcase classname="Test.Suprime_CourtTest" name="casestatus" time="10.349"/>
  <system-out/>
  <testcase classname="Test.Suprime_CourtTest" name="diary" time="4.635"/>
  <system-out/>
  <testcase classname="Test.Suprime_CourtTest" name="Num" time="13.514"/>
  <system-out/>
  <testcase classname="Test.Suprime_CourtTest" name="clickOnSearch" time="25.250"/>
  <system-out/>
</testsuite> <!-- Test.Suprime_CourtTest -->
