<?xml version="1.0" encoding="UTF-8"?>
<!-- Generated by org.testng.reporters.JUnitReportReporter -->
<testsuite hostname="LAPTOP-3BML8FHO" failures="0" tests="1" name="runner.Login_Runner" time="0.054" errors="0" timestamp="2025-01-22T11:45:47 IST" skipped="0">
  <testcase classname="runner.Login_Runner" name="runScenario" time="0.054"/>
  <system-out/>
</testsuite> <!-- runner.Login_Runner -->
