<?xml version="1.0" encoding="UTF-8"?>
<!-- Generated by org.testng.reporters.JUnitReportReporter -->
<testsuite hostname="LAPTOP-3BML8FHO" failures="0" tests="3" name="runner.ScenarioOutline" time="0.126" errors="0" timestamp="2025-01-23T15:19:27 IST" skipped="0">
  <testcase classname="runner.ScenarioOutline" name="runScenario" time="0.017"/>
  <system-out/>
  <testcase classname="runner.ScenarioOutline" name="runScenario" time="0.012"/>
  <system-out/>
  <testcase classname="runner.ScenarioOutline" name="runScenario" time="0.097"/>
  <system-out/>
</testsuite> <!-- runner.ScenarioOutline -->
