<?xml version="1.0" encoding="UTF-8"?>
<!-- Generated by org.testng.reporters.JUnitReportReporter -->
<testsuite hostname="LAPTOP-3BML8FHO" failures="0" tests="1" name="runner.LoginWithDataRunner" time="0.069" errors="0" timestamp="2025-01-22T12:08:32 IST" skipped="0">
  <testcase classname="runner.LoginWithDataRunner" name="runScenario" time="0.069"/>
  <system-out/>
</testsuite> <!-- runner.LoginWithDataRunner -->
