<?xml version="1.0" encoding="UTF-8"?>
<!-- Generated by org.testng.reporters.JUnitReportReporter -->
<testsuite hostname="LAPTOP-3BML8FHO" failures="0" tests="2" name="runner.Login_Multiple_Scenario" time="0.068" errors="0" timestamp="2025-01-22T11:56:02 IST" skipped="0">
  <testcase classname="runner.Login_Multiple_Scenario" name="runScenario" time="0.005"/>
  <system-out/>
  <testcase classname="runner.Login_Multiple_Scenario" name="runScenario" time="0.063"/>
  <system-out/>
</testsuite> <!-- runner.Login_Multiple_Scenario -->
