<?xml version="1.0" encoding="UTF-8"?>
<!-- Generated by org.testng.reporters.JUnitReportReporter -->
<testsuite hostname="LAPTOP-3BML8FHO" failures="0" tests="3" name="runner.BKRunner" time="0.113" errors="0" timestamp="2025-01-23T15:09:33 IST" skipped="0">
  <testcase classname="runner.BKRunner" name="runScenario" time="0.073"/>
  <system-out/>
  <testcase classname="runner.BKRunner" name="runScenario" time="0.018"/>
  <system-out/>
  <testcase classname="runner.BKRunner" name="runScenario" time="0.022"/>
  <system-out/>
</testsuite> <!-- runner.BKRunner -->
