<?xml version="1.0" encoding="UTF-8"?>
<!-- Generated by org.testng.reporters.JUnitReportReporter -->
<testsuite hostname="LAPTOP-3BML8FHO" failures="0" tests="1" name="Test.facebookrunner" time="16.638" errors="0" timestamp="2025-08-19T14:45:32 IST" skipped="0">
  <testcase classname="Test.facebookrunner" name="runScenario" time="16.638"/>
  <system-out/>
</testsuite> <!-- Test.facebookrunner -->
