<?xml version="1.0" encoding="UTF-8"?>
<!-- Generated by org.testng.reporters.JUnitReportReporter -->
<testsuite hostname="LAPTOP-3BML8FHO" failures="0" tests="3" name="test.TestOnlyLogin" time="77.462" errors="0" timestamp="2025-08-08T17:12:01 IST" skipped="0">
  <testcase classname="test.TestOnlyLogin" name="test2" time="23.602"/>
  <system-out/>
  <testcase classname="test.TestOnlyLogin" name="test" time="27.918"/>
  <system-out/>
  <testcase classname="test.TestOnlyLogin" name="test3" time="25.942"/>
  <system-out/>
</testsuite> <!-- test.TestOnlyLogin -->
