<?xml version="1.0" encoding="UTF-8"?>
<!-- Generated by org.testng.reporters.JUnitReportReporter -->
<testsuite hostname="LAPTOP-3BML8FHO" failures="0" tests="2" name="test.LoginTest" time="21.800" errors="0" timestamp="2025-08-08T16:26:25 IST" skipped="0">
  <testcase classname="test.LoginTest" name="test" time="15.280"/>
  <system-out/>
  <testcase classname="test.LoginTest" name="test2" time="6.520"/>
  <system-out/>
</testsuite> <!-- test.LoginTest -->
