<?xml version="1.0" encoding="UTF-8"?>
<!-- Generated by org.testng.reporters.JUnitReportReporter -->
<testsuite hostname="LAPTOP-3BML8FHO" failures="0" tests="2" name="candy.TestClass1" time="7.754" errors="0" timestamp="2025-08-17T16:21:05 IST" skipped="0">
  <testcase classname="candy.TestClass1" name="VerifyTitle" time="0.172"/>
  <system-out/>
  <testcase classname="candy.TestClass1" name="VerifyContactUs" time="7.582"/>
  <system-out/>
</testsuite> <!-- candy.TestClass1 -->
