<?xml version="1.0" encoding="UTF-8"?>
<!-- Generated by org.testng.reporters.JUnitReportReporter -->
<testsuite hostname="LAPTOP-3BML8FHO" failures="0" tests="1" name="Swag_lab_Test.Swag_Labs_Testing" time="8.137" errors="0" timestamp="2025-07-30T13:08:01 IST" skipped="0">
  <testcase classname="Swag_lab_Test.Swag_Labs_Testing" name="verify_logo" time="8.137"/>
  <system-out/>
</testsuite> <!-- Swag_lab_Test.Swag_Labs_Testing -->
